[2026-07-06 09:43:58] [ERROR] 執行中斷，錯誤原因: 503 UNAVAILABLE. {'error': {'code': 503, 'message': 'This model is currently experiencing high demand. Spikes in demand are usually temporary. Please try again later.', 'status': 'UNAVAILABLE'}}
[2026-07-06 09:48:41] [SUCCESS] 雖然 SHA 改變，但解析後未發現全新 SQL 版本資料，放棄寫入檔案。
[2026-07-06 12:48:44] [SUCCESS] 雖然 SHA 改變，但解析後未發現全新 SQL 版本資料，放棄寫入檔案。
[2026-07-06 23:58:39] [SUCCESS] 雖然 SHA 改變，但解析後未發現全新 SQL 版本資料，放棄寫入檔案。
[2026-07-07 12:30:21] [SUCCESS] 雖然 SHA 改變，但解析後未發現全新 SQL 版本資料，放棄寫入檔案。
[2026-07-07 23:23:24] [SUCCESS] 雖然 SHA 改變，但解析後未發現全新 SQL 版本資料，放棄寫入檔案。
[2026-07-08 11:52:22] [SUCCESS] 雖然 SHA 改變，但解析後未發現全新 SQL 版本資料，放棄寫入檔案。
[2026-07-08 22:53:50] [SUCCESS] 雖然 SHA 改變，但解析後未發現全新 SQL 版本資料，放棄寫入檔案。
[2026-07-09 12:27:41] [SUCCESS] 雖然 SHA 改變，但解析後未發現全新 SQL 版本資料，放棄寫入檔案。
[2026-07-09 23:39:57] [SUCCESS] 雖然 SHA 改變，但解析後未發現全新 SQL 版本資料，放棄寫入檔案。
[2026-07-10 12:30:39] [ERROR] 錯誤：無法存取 GitHub API (HTTP 403)
[2026-07-10 23:09:13] [SUCCESS] 雖然 SHA 改變，但解析後未發現全新 SQL 版本資料，放棄寫入檔案。
[2026-07-11 11:50:03] [SUCCESS] 雖然 SHA 改變，但解析後未發現全新 SQL 版本資料，放棄寫入檔案。
[2026-07-11 21:59:41] [SUCCESS] 雖然 SHA 改變，但解析後未發現全新 SQL 版本資料，放棄寫入檔案。
[2026-07-12 12:05:33] [SUCCESS] 雖然 SHA 改變，但解析後未發現全新 SQL 版本資料，放棄寫入檔案。
[2026-07-12 22:01:45] [SUCCESS] 雖然 SHA 改變，但解析後未發現全新 SQL 版本資料，放棄寫入檔案。
[2026-07-13 12:07:57] [SUCCESS] 雖然 SHA 改變，但解析後未發現全新 SQL 版本資料，放棄寫入檔案。
[2026-07-13 23:19:08] [SUCCESS] 雖然 SHA 改變，但解析後未發現全新 SQL 版本資料，放棄寫入檔案。
[2026-07-14 11:42:56] [SUCCESS] 雖然 SHA 改變，但解析後未發現全新 SQL 版本資料，放棄寫入檔案。
[2026-07-14 22:22:00] [SUCCESS] 雖然 SHA 改變，但解析後未發現全新 SQL 版本資料，放棄寫入檔案。
[2026-07-15 11:43:25] [SUCCESS] 檢測到新資料！已完成日期排序與存檔，本次新增 4 筆。
[2026-07-15 22:17:44] [SUCCESS] SHA 未變動，無需執行任何更新。
[2026-07-16 11:45:30] [SUCCESS] SHA 未變動，無需執行任何更新。
[2026-07-16 22:30:50] [SUCCESS] SHA 未變動，無需執行任何更新。
[2026-07-17 11:45:33] [SUCCESS] 檢測到新資料！已完成日期排序與存檔，本次新增 2 筆。
[2026-07-17 22:10:49] [SUCCESS] SHA 未變動，無需執行任何更新。
[2026-07-18 11:40:20] [SUCCESS] SHA 未變動，無需執行任何更新。
